<?xml version="1.0" encoding="UTF-8"?>
<!-- Generated by org.testng.reporters.JUnitXMLReporter -->
<testsuite ignored="0" hostname="EC2AMAZ-S11DBRH" failures="0" tests="4" name="Default test" time="2.103" errors="0" timestamp="2024-05-03T07:28:54 GMT">
  <testcase classname="testScripts.PlaceOrderTest" name="validLogin" time="0.392"/>
  <testcase classname="testScripts.PlaceOrderTest" name="addItem" time="0.237"/>
  <testcase classname="testScripts.PlaceOrderTest" name="checkoutTest" time="0.145"/>
  <testcase classname="testScripts.PlaceOrderTest" name="completeOrder" time="0.508"/>
</testsuite> <!-- Default test -->
