<?xml version="1.0" encoding="UTF-8"?>
<testng-results ignored="0" total="4" passed="4" failed="0" skipped="0">
  <reporter-output>
  </reporter-output>
  <suite started-at="2024-05-03T07:28:52 GMT" name="Default suite" finished-at="2024-05-03T07:28:54 GMT" duration-ms="2103">
    <groups>
    </groups>
    <test started-at="2024-05-03T07:28:52 GMT" name="Default test" finished-at="2024-05-03T07:28:54 GMT" duration-ms="2103">
      <class name="testScripts.PlaceOrderTest">
        <test-method is-config="true" signature="setup()[pri:0, instance:testScripts.PlaceOrderTest@769d513]" started-at="2024-05-03T07:28:52 GMT" name="setup" finished-at="2024-05-03T07:28:53 GMT" duration-ms="765" status="PASS">
          <reporter-output>
          </reporter-output>
        </test-method> <!-- setup -->
        <test-method signature="validLogin()[pri:1, instance:testScripts.PlaceOrderTest@769d513]" started-at="2024-05-03T07:28:53 GMT" name="validLogin" finished-at="2024-05-03T07:28:53 GMT" duration-ms="392" status="PASS">
          <reporter-output>
          </reporter-output>
        </test-method> <!-- validLogin -->
        <test-method signature="addItem()[pri:2, instance:testScripts.PlaceOrderTest@769d513]" started-at="2024-05-03T07:28:53 GMT" name="addItem" finished-at="2024-05-03T07:28:53 GMT" duration-ms="237" status="PASS">
          <reporter-output>
          </reporter-output>
        </test-method> <!-- addItem -->
        <test-method signature="checkoutTest()[pri:3, instance:testScripts.PlaceOrderTest@769d513]" started-at="2024-05-03T07:28:53 GMT" name="checkoutTest" finished-at="2024-05-03T07:28:53 GMT" duration-ms="145" status="PASS">
          <reporter-output>
          </reporter-output>
        </test-method> <!-- checkoutTest -->
        <test-method signature="completeOrder()[pri:4, instance:testScripts.PlaceOrderTest@769d513]" started-at="2024-05-03T07:28:53 GMT" name="completeOrder" finished-at="2024-05-03T07:28:54 GMT" duration-ms="508" status="PASS">
          <reporter-output>
          </reporter-output>
        </test-method> <!-- completeOrder -->
      </class> <!-- testScripts.PlaceOrderTest -->
    </test> <!-- Default test -->
  </suite> <!-- Default suite -->
</testng-results>
